<?xml version="1.0" encoding="UTF-8"?>
<robot generator="Robot 5.0 (Python 3.8.10 on linux)" generated="20220602 09:11:19.332" rpa="false" schemaversion="3">
<suite id="s1" name="Nef As Sessions Tests" source="/opt/robot-tests/tests/nef_as_sessions/nef_as_sessions_tests.robot">
<test id="s1-t1" name="Create subscription by Authorized NetApp" line="18">
<kw name="Run Keyword" library="BuiltIn">
<var>${access_token}</var>
<arg>netapp_to_nef.register_netapp_to_nef</arg>
<arg>${CONFIG.credentials.nef_ip}</arg>
<arg>${CONFIG.credentials.nef_port}</arg>
<doc>Executes the given keyword with the given arguments.</doc>
<kw name="Register Netapp To Nef" library="netapp_to_nef">
<arg>${CONFIG.credentials.nef_ip}</arg>
<arg>${CONFIG.credentials.nef_port}</arg>
<status status="PASS" starttime="20220602 09:11:19.486" endtime="20220602 09:11:19.732"/>
</kw>
<msg timestamp="20220602 09:11:19.732" level="INFO">${access_token} = eyJhbGciOiJIUzI1NiIsInR5cCI6IkpXVCJ9.eyJleHAiOjE2NTQ4NTIyNzksInN1YiI6IjEifQ.y9tcJnSKdbhTB6BY-V-maUG_LTm1H_bNiMY9ZQhdDeE</msg>
<status status="PASS" starttime="20220602 09:11:19.486" endtime="20220602 09:11:19.732"/>
</kw>
<kw name="Run Keyword" library="BuiltIn">
<var>${resp}</var>
<arg>netapp_to_nef.sessionqos_subscription</arg>
<arg>${CONFIG.credentials.nef_ip}</arg>
<arg>${CONFIG.credentials.nef_port}</arg>
<arg>${CONFIG.credentials.callback_ip}</arg>
<arg>${CONFIG.credentials.nef_callback_port}</arg>
<arg>${access_token}</arg>
<doc>Executes the given keyword with the given arguments.</doc>
<kw name="Sessionqos Subscription" library="netapp_to_nef">
<arg>${CONFIG.credentials.nef_ip}</arg>
<arg>${CONFIG.credentials.nef_port}</arg>
<arg>${CONFIG.credentials.callback_ip}</arg>
<arg>${CONFIG.credentials.nef_callback_port}</arg>
<arg>${access_token}</arg>
<status status="PASS" starttime="20220602 09:11:19.733" endtime="20220602 09:11:19.905"/>
</kw>
<msg timestamp="20220602 09:11:19.905" level="INFO">${resp} = &lt;Response [201]&gt;</msg>
<status status="PASS" starttime="20220602 09:11:19.732" endtime="20220602 09:11:19.905"/>
</kw>
<kw name="Log To Console" library="BuiltIn">
<arg>${resp.text}</arg>
<doc>Logs the given message to the console.</doc>
<status status="PASS" starttime="20220602 09:11:19.905" endtime="20220602 09:11:19.907"/>
</kw>
<kw name="Should Contain" library="BuiltIn">
<arg>${resp}.['status_code']</arg>
<arg>201</arg>
<doc>Fails if ``container`` does not contain ``item`` one or more times.</doc>
<status status="PASS" starttime="20220602 09:11:19.907" endtime="20220602 09:11:19.907"/>
</kw>
<tag>Create_subscription_by_Authorized_NetApp</tag>
<status status="PASS" starttime="20220602 09:11:19.485" endtime="20220602 09:11:19.908"/>
</test>
<test id="s1-t2" name="Create subscription when there is already an active subscription for a registered UE" line="31">
<kw name="Run Keyword" library="BuiltIn">
<var>${access_token}</var>
<arg>netapp_to_nef.register_netapp_to_nef</arg>
<arg>${CONFIG.credentials.nef_ip}</arg>
<arg>${CONFIG.credentials.nef_port}</arg>
<doc>Executes the given keyword with the given arguments.</doc>
<kw name="Register Netapp To Nef" library="netapp_to_nef">
<arg>${CONFIG.credentials.nef_ip}</arg>
<arg>${CONFIG.credentials.nef_port}</arg>
<status status="PASS" starttime="20220602 09:11:19.909" endtime="20220602 09:11:20.146"/>
</kw>
<msg timestamp="20220602 09:11:20.146" level="INFO">${access_token} = eyJhbGciOiJIUzI1NiIsInR5cCI6IkpXVCJ9.eyJleHAiOjE2NTQ4NTIyODAsInN1YiI6IjEifQ.pMmViVkdJX1VlQis7iWDEJ9yrphd9z9QjCfxVZ3Uzo4</msg>
<status status="PASS" starttime="20220602 09:11:19.909" endtime="20220602 09:11:20.146"/>
</kw>
<kw name="Run Keyword" library="BuiltIn">
<var>${resp}</var>
<arg>netapp_to_nef.sessionqos_subscription</arg>
<arg>${CONFIG.credentials.nef_ip}</arg>
<arg>${CONFIG.credentials.nef_port}</arg>
<arg>${CONFIG.credentials.callback_ip}</arg>
<arg>${CONFIG.credentials.nef_callback_port}</arg>
<arg>${access_token}</arg>
<doc>Executes the given keyword with the given arguments.</doc>
<kw name="Sessionqos Subscription" library="netapp_to_nef">
<arg>${CONFIG.credentials.nef_ip}</arg>
<arg>${CONFIG.credentials.nef_port}</arg>
<arg>${CONFIG.credentials.callback_ip}</arg>
<arg>${CONFIG.credentials.nef_callback_port}</arg>
<arg>${access_token}</arg>
<status status="PASS" starttime="20220602 09:11:20.147" endtime="20220602 09:11:20.173"/>
</kw>
<msg timestamp="20220602 09:11:20.173" level="INFO">${resp} = &lt;Response [409]&gt;</msg>
<status status="PASS" starttime="20220602 09:11:20.147" endtime="20220602 09:11:20.173"/>
</kw>
<kw name="Log To Console" library="BuiltIn">
<arg>${resp.text}</arg>
<doc>Logs the given message to the console.</doc>
<status status="PASS" starttime="20220602 09:11:20.173" endtime="20220602 09:11:20.174"/>
</kw>
<kw name="Should Contain" library="BuiltIn">
<arg>${resp}.['status_code']</arg>
<arg>409</arg>
<doc>Fails if ``container`` does not contain ``item`` one or more times.</doc>
<status status="PASS" starttime="20220602 09:11:20.175" endtime="20220602 09:11:20.175"/>
</kw>
<tag>Create_subscription_when_already_active_by_Authorized_NetApp</tag>
<status status="PASS" starttime="20220602 09:11:19.908" endtime="20220602 09:11:20.175"/>
</test>
<test id="s1-t3" name="Create subscription by unAuthorized NetApp" line="44">
<kw name="Run Keyword" library="BuiltIn">
<var>${resp}</var>
<arg>netapp_to_nef.sessionqos_subscription</arg>
<arg>${CONFIG.credentials.nef_ip}</arg>
<arg>${CONFIG.credentials.nef_port}</arg>
<arg>${CONFIG.credentials.callback_ip}</arg>
<arg>${CONFIG.credentials.nef_callback_port}</arg>
<arg>${non-auth}</arg>
<doc>Executes the given keyword with the given arguments.</doc>
<kw name="Sessionqos Subscription" library="netapp_to_nef">
<arg>${CONFIG.credentials.nef_ip}</arg>
<arg>${CONFIG.credentials.nef_port}</arg>
<arg>${CONFIG.credentials.callback_ip}</arg>
<arg>${CONFIG.credentials.nef_callback_port}</arg>
<arg>${non-auth}</arg>
<status status="PASS" starttime="20220602 09:11:20.177" endtime="20220602 09:11:20.189"/>
</kw>
<msg timestamp="20220602 09:11:20.190" level="INFO">${resp} = &lt;Response [403]&gt;</msg>
<status status="PASS" starttime="20220602 09:11:20.176" endtime="20220602 09:11:20.190"/>
</kw>
<kw name="Log To Console" library="BuiltIn">
<arg>${resp.text}</arg>
<doc>Logs the given message to the console.</doc>
<status status="PASS" starttime="20220602 09:11:20.190" endtime="20220602 09:11:20.191"/>
</kw>
<kw name="Should Contain" library="BuiltIn">
<arg>${resp}.['status_code']</arg>
<arg>401</arg>
<doc>Fails if ``container`` does not contain ``item`` one or more times.</doc>
<msg timestamp="20220602 09:11:20.192" level="FAIL">'&lt;Response [403]&gt;.['status_code']' does not contain '401'</msg>
<status status="FAIL" starttime="20220602 09:11:20.191" endtime="20220602 09:11:20.192"/>
</kw>
<tag>Create_subscription_when_already_active_by_Authorized_NetApp</tag>
<status status="FAIL" starttime="20220602 09:11:20.176" endtime="20220602 09:11:20.193">'&lt;Response [403]&gt;.['status_code']' does not contain '401'</status>
</test>
<doc>This test file contains the test cases of as sessions with QoS API functions in dummy netapp, refering to Nef API.</doc>
<status status="FAIL" starttime="20220602 09:11:19.334" endtime="20220602 09:11:20.194"/>
</suite>
<statistics>
<total>
<stat pass="2" fail="1" skip="0">All Tests</stat>
</total>
<tag>
<stat pass="1" fail="0" skip="0">Create_subscription_by_Authorized_NetApp</stat>
<stat pass="1" fail="1" skip="0">Create_subscription_when_already_active_by_Authorized_NetApp</stat>
</tag>
<suite>
<stat pass="2" fail="1" skip="0" id="s1" name="Nef As Sessions Tests">Nef As Sessions Tests</stat>
</suite>
</statistics>
<errors>
<msg timestamp="20220602 09:11:19.472" level="ERROR">Error in file '/opt/robot-tests/resources/common/basicFunctions.robot' on line 8: Variable file '/opt/robot-tests/tests/libraries/ConfigVariables.py' does not exist.</msg>
</errors>
</robot>
