<?xml version="1.0" encoding="UTF-8"?>
<robot generator="Robot 5.0 (Python 3.8.10 on linux)" generated="20220601 14:20:52.148" rpa="false" schemaversion="3">
<suite id="s1" name="Dummy-Tests" source="/opt/robot-tests/tests/capif_invoker_tests/dummy-tests.robot">
<test id="s1-t1" name="Register DummyNetApp" line="16">
<kw name="Run Keyword" library="BuiltIn">
<arg>DummyNetApp_register</arg>
<arg>${CONFIG.credentials.capif_ip}</arg>
<arg>${CONFIG.credentials.capif_port}</arg>
<arg>${CONFIG.credentials.invoker_username}</arg>
<arg>${CONFIG.credentials.invoker_password}</arg>
<arg>${CONFIG.credentials.invoker_role}</arg>
<arg>${CONFIG.credentials.invoker_description}</arg>
<doc>Executes the given keyword with the given arguments.</doc>
<kw name="DummyNetApp_register" library="basicFunctions">
<arg>${CONFIG.credentials.capif_ip}</arg>
<arg>${CONFIG.credentials.capif_port}</arg>
<arg>${CONFIG.credentials.invoker_username}</arg>
<arg>${CONFIG.credentials.invoker_password}</arg>
<arg>${CONFIG.credentials.invoker_role}</arg>
<arg>${CONFIG.credentials.invoker_description}</arg>
<kw name="Register Netapp To Capif" library="netapp_to_capif">
<var>${resp}</var>
<arg>${CONFIG.credentials.capif_ip}</arg>
<arg>${CONFIG.credentials.capif_port}</arg>
<arg>${CONFIG.credentials.invoker_username}</arg>
<arg>${CONFIG.credentials.invoker_password}</arg>
<arg>${CONFIG.credentials.invoker_role}</arg>
<arg>${CONFIG.credentials.invoker_description}</arg>
<msg timestamp="20220601 14:20:52.326" level="INFO">${resp} = 2365e4d27f2743</msg>
<status status="PASS" starttime="20220601 14:20:52.312" endtime="20220601 14:20:52.326"/>
</kw>
<kw name="Set Global Variable" library="BuiltIn">
<arg>${api_invoker_id}</arg>
<arg>${resp}</arg>
<doc>Makes a variable available globally in all tests and suites.</doc>
<msg timestamp="20220601 14:20:52.327" level="INFO">${api_invoker_id} = 2365e4d27f2743</msg>
<status status="PASS" starttime="20220601 14:20:52.326" endtime="20220601 14:20:52.327"/>
</kw>
<status status="PASS" starttime="20220601 14:20:52.311" endtime="20220601 14:20:52.328"/>
</kw>
<status status="PASS" starttime="20220601 14:20:52.311" endtime="20220601 14:20:52.328"/>
</kw>
<tag>Dummy_NetApp_Register_Test</tag>
<status status="PASS" starttime="20220601 14:20:52.310" endtime="20220601 14:20:52.328"/>
</test>
<test id="s1-t2" name="Register DummyNetApp Already registered" line="22">
<kw name="DummyNetApp_already_registered" library="basicFunctions">
<kw name="Run Keyword And Expect Error" library="BuiltIn">
<var>${output}</var>
<arg>*</arg>
<arg>DummyNetApp_register</arg>
<arg>${CONFIG.credentials.capif_ip}</arg>
<arg>${CONFIG.credentials.capif_port}</arg>
<arg>${CONFIG.credentials.invoker_username}</arg>
<arg>${CONFIG.credentials.invoker_password}</arg>
<arg>${CONFIG.credentials.invoker_role}</arg>
<arg>${CONFIG.credentials.invoker_description}</arg>
<doc>Runs the keyword and checks that the expected error occurred.</doc>
<kw name="DummyNetApp_register" library="basicFunctions">
<arg>${CONFIG.credentials.capif_ip}</arg>
<arg>${CONFIG.credentials.capif_port}</arg>
<arg>${CONFIG.credentials.invoker_username}</arg>
<arg>${CONFIG.credentials.invoker_password}</arg>
<arg>${CONFIG.credentials.invoker_role}</arg>
<arg>${CONFIG.credentials.invoker_description}</arg>
<kw name="Register Netapp To Capif" library="netapp_to_capif">
<var>${resp}</var>
<arg>${CONFIG.credentials.capif_ip}</arg>
<arg>${CONFIG.credentials.capif_port}</arg>
<arg>${CONFIG.credentials.invoker_username}</arg>
<arg>${CONFIG.credentials.invoker_password}</arg>
<arg>${CONFIG.credentials.invoker_role}</arg>
<arg>${CONFIG.credentials.invoker_description}</arg>
<msg timestamp="20220601 14:20:52.341" level="FAIL">('"User already exists"\n', 409)</msg>
<status status="FAIL" starttime="20220601 14:20:52.330" endtime="20220601 14:20:52.343"/>
</kw>
<kw name="Set Global Variable" library="BuiltIn">
<arg>${api_invoker_id}</arg>
<arg>${resp}</arg>
<doc>Makes a variable available globally in all tests and suites.</doc>
<status status="NOT RUN" starttime="20220601 14:20:52.344" endtime="20220601 14:20:52.344"/>
</kw>
<status status="FAIL" starttime="20220601 14:20:52.329" endtime="20220601 14:20:52.344"/>
</kw>
<msg timestamp="20220601 14:20:52.344" level="INFO">${output} = ('"User already exists"\n', 409)</msg>
<status status="PASS" starttime="20220601 14:20:52.329" endtime="20220601 14:20:52.344"/>
</kw>
<kw name="Should Contain" library="BuiltIn">
<arg>${output}</arg>
<arg>${already_exists}</arg>
<doc>Fails if ``container`` does not contain ``item`` one or more times.</doc>
<status status="PASS" starttime="20220601 14:20:52.345" endtime="20220601 14:20:52.345"/>
</kw>
<status status="PASS" starttime="20220601 14:20:52.329" endtime="20220601 14:20:52.345"/>
</kw>
<tag>Dummy_NetApp_Already_Registered_Test</tag>
<status status="PASS" starttime="20220601 14:20:52.328" endtime="20220601 14:20:52.345"/>
</test>
<test id="s1-t3" name="Get Capif Token" line="28">
<kw name="Run Keyword" library="BuiltIn">
<arg>Token_case_invoker</arg>
<doc>Executes the given keyword with the given arguments.</doc>
<kw name="Token_case_invoker" library="basicFunctions">
<kw name="Get Capif Token" library="netapp_to_capif">
<var>${resp}</var>
<arg>${CONFIG.credentials.capif_ip}</arg>
<arg>${CONFIG.credentials.capif_port}</arg>
<arg>${CONFIG.credentials.invoker_username}</arg>
<arg>${CONFIG.credentials.invoker_password}</arg>
<arg>${CONFIG.credentials.invoker_role}</arg>
<msg timestamp="20220601 14:20:52.358" level="INFO">${resp} = eyJ0eXAiOiJKV1QiLCJhbGciOiJIUzI1NiJ9.eyJmcmVzaCI6ZmFsc2UsImlhdCI6MTY1NDA5MzI1MiwianRpIjoiYjI4OGZmYjYtMTA1NS00NzUzLWEyZWUtMmY5MWJhMmNjYmJiIiwidHlwZSI6ImFjY2VzcyIsInN1YiI6ImR1bW15bmV0YXBwIGludm9rZXIiLCJ...</msg>
<status status="PASS" starttime="20220601 14:20:52.347" endtime="20220601 14:20:52.358"/>
</kw>
<status status="PASS" starttime="20220601 14:20:52.346" endtime="20220601 14:20:52.358"/>
</kw>
<status status="PASS" starttime="20220601 14:20:52.346" endtime="20220601 14:20:52.358"/>
</kw>
<tag>Get_Capif_Token_Test</tag>
<status status="PASS" starttime="20220601 14:20:52.346" endtime="20220601 14:20:52.358"/>
</test>
<test id="s1-t4" name="Onboard DummyNetApp to Capif" line="34">
<kw name="Run Keyword" library="BuiltIn">
<arg>OnBoard_DummyNetApp_invoker</arg>
<doc>Executes the given keyword with the given arguments.</doc>
<kw name="OnBoard_DummyNetApp_invoker" library="basicFunctions">
<kw name="Copy File" library="OperatingSystem">
<arg>/opt/robot-tests/pythonnetapp/invoker_details.json</arg>
<arg>.</arg>
<doc>Copies the source file into the destination.</doc>
<msg timestamp="20220601 14:20:52.382" level="INFO" html="true">Copied file from '&lt;a href="file:///opt/robot-tests/pythonnetapp/invoker_details.json"&gt;/opt/robot-tests/pythonnetapp/invoker_details.json&lt;/a&gt;' to '&lt;a href="file:///opt/robot-tests/tests/capif_invoker_tests/invoker_details.json"&gt;/opt/robot-tests/tests/capif_invoker_tests/invoker_details.json&lt;/a&gt;'.</msg>
<status status="PASS" starttime="20220601 14:20:52.360" endtime="20220601 14:20:52.382"/>
</kw>
<kw name="Get Capif Token" library="netapp_to_capif">
<var>${access_token}</var>
<arg>${CONFIG.credentials.capif_ip}</arg>
<arg>${CONFIG.credentials.capif_port}</arg>
<arg>${CONFIG.credentials.invoker_username}</arg>
<arg>${CONFIG.credentials.invoker_password}</arg>
<arg>${CONFIG.credentials.invoker_role}</arg>
<msg timestamp="20220601 14:20:52.392" level="INFO">${access_token} = eyJ0eXAiOiJKV1QiLCJhbGciOiJIUzI1NiJ9.eyJmcmVzaCI6ZmFsc2UsImlhdCI6MTY1NDA5MzI1MiwianRpIjoiNTczOGQ0OTktMTQ3Ny00ZDQ2LWEwNTMtYjQ4YTMxOTE5MDM3IiwidHlwZSI6ImFjY2VzcyIsInN1YiI6ImR1bW15bmV0YXBwIGludm9rZXIiLCJ...</msg>
<status status="PASS" starttime="20220601 14:20:52.382" endtime="20220601 14:20:52.393"/>
</kw>
<kw name="Onboard Netapp To Capif" library="netapp_to_capif">
<var>${resp}</var>
<arg>${CONFIG.credentials.capif_ip}</arg>
<arg>${CONFIG.credentials.capif_port}</arg>
<arg>${access_token}</arg>
<msg timestamp="20220601 14:20:52.499" level="INFO">${resp} = 6160a1dcfa62123e2b15883349f95e</msg>
<status status="PASS" starttime="20220601 14:20:52.393" endtime="20220601 14:20:52.499"/>
</kw>
<status status="PASS" starttime="20220601 14:20:52.360" endtime="20220601 14:20:52.499"/>
</kw>
<status status="PASS" starttime="20220601 14:20:52.359" endtime="20220601 14:20:52.500"/>
</kw>
<tag>Onboard_Netapp_to_Capif</tag>
<status status="PASS" starttime="20220601 14:20:52.359" endtime="20220601 14:20:52.500"/>
</test>
<test id="s1-t5" name="Already registered invoker to Capif" line="40">
<kw name="Run Keyword" library="BuiltIn">
<arg>Invoker_already_registered</arg>
<doc>Executes the given keyword with the given arguments.</doc>
<kw name="Invoker_already_registered" library="basicFunctions">
<kw name="Run Keyword And Expect Error" library="BuiltIn">
<var>${output}</var>
<arg>*</arg>
<arg>OnBoard_DummyNetApp_invoker</arg>
<doc>Runs the keyword and checks that the expected error occurred.</doc>
<kw name="OnBoard_DummyNetApp_invoker" library="basicFunctions">
<kw name="Copy File" library="OperatingSystem">
<arg>/opt/robot-tests/pythonnetapp/invoker_details.json</arg>
<arg>.</arg>
<doc>Copies the source file into the destination.</doc>
<msg timestamp="20220601 14:20:52.526" level="INFO" html="true">Copied file from '&lt;a href="file:///opt/robot-tests/pythonnetapp/invoker_details.json"&gt;/opt/robot-tests/pythonnetapp/invoker_details.json&lt;/a&gt;' to '&lt;a href="file:///opt/robot-tests/tests/capif_invoker_tests/invoker_details.json"&gt;/opt/robot-tests/tests/capif_invoker_tests/invoker_details.json&lt;/a&gt;'.</msg>
<status status="PASS" starttime="20220601 14:20:52.502" endtime="20220601 14:20:52.526"/>
</kw>
<kw name="Get Capif Token" library="netapp_to_capif">
<var>${access_token}</var>
<arg>${CONFIG.credentials.capif_ip}</arg>
<arg>${CONFIG.credentials.capif_port}</arg>
<arg>${CONFIG.credentials.invoker_username}</arg>
<arg>${CONFIG.credentials.invoker_password}</arg>
<arg>${CONFIG.credentials.invoker_role}</arg>
<msg timestamp="20220601 14:20:52.537" level="INFO">${access_token} = eyJ0eXAiOiJKV1QiLCJhbGciOiJIUzI1NiJ9.eyJmcmVzaCI6ZmFsc2UsImlhdCI6MTY1NDA5MzI1MiwianRpIjoiYmM0ZjlhN2ItYmRmZS00NWJmLThiMmItMTBlYmZiMjc3MGMzIiwidHlwZSI6ImFjY2VzcyIsInN1YiI6ImR1bW15bmV0YXBwIGludm9rZXIiLCJ...</msg>
<status status="PASS" starttime="20220601 14:20:52.526" endtime="20220601 14:20:52.537"/>
</kw>
<kw name="Onboard Netapp To Capif" library="netapp_to_capif">
<var>${resp}</var>
<arg>${CONFIG.credentials.capif_ip}</arg>
<arg>${CONFIG.credentials.capif_port}</arg>
<arg>${access_token}</arg>
<msg timestamp="20220601 14:20:52.573" level="FAIL">('{"title": "Forbidden", "status": 403, "detail": "Invoker already registered", "cause": "Identical invoker public key"}', 403)</msg>
<status status="FAIL" starttime="20220601 14:20:52.537" endtime="20220601 14:20:52.575"/>
</kw>
<status status="FAIL" starttime="20220601 14:20:52.502" endtime="20220601 14:20:52.576"/>
</kw>
<msg timestamp="20220601 14:20:52.576" level="INFO">${output} = ('{"title": "Forbidden", "status": 403, "detail": "Invoker already registered", "cause": "Identical invoker public key"}', 403)</msg>
<status status="PASS" starttime="20220601 14:20:52.502" endtime="20220601 14:20:52.576"/>
</kw>
<kw name="Should Contain" library="BuiltIn">
<arg>${output}</arg>
<arg>${forbidden}</arg>
<doc>Fails if ``container`` does not contain ``item`` one or more times.</doc>
<status status="PASS" starttime="20220601 14:20:52.577" endtime="20220601 14:20:52.577"/>
</kw>
<status status="PASS" starttime="20220601 14:20:52.502" endtime="20220601 14:20:52.577"/>
</kw>
<status status="PASS" starttime="20220601 14:20:52.501" endtime="20220601 14:20:52.577"/>
</kw>
<tag>Onboard_Netapp_to_Capif</tag>
<status status="PASS" starttime="20220601 14:20:52.501" endtime="20220601 14:20:52.577"/>
</test>
<doc>This test file contains the basic register requests from netApp to Capif API.</doc>
<status status="PASS" starttime="20220601 14:20:52.150" endtime="20220601 14:20:52.578"/>
</suite>
<statistics>
<total>
<stat pass="5" fail="0" skip="0">All Tests</stat>
</total>
<tag>
<stat pass="1" fail="0" skip="0">Dummy_NetApp_Already_Registered_Test</stat>
<stat pass="1" fail="0" skip="0">Dummy_NetApp_Register_Test</stat>
<stat pass="1" fail="0" skip="0">Get_Capif_Token_Test</stat>
<stat pass="2" fail="0" skip="0">Onboard_Netapp_to_Capif</stat>
</tag>
<suite>
<stat pass="5" fail="0" skip="0" id="s1" name="Dummy-Tests">Dummy-Tests</stat>
</suite>
</statistics>
<errors>
<msg timestamp="20220601 14:20:52.296" level="ERROR">Error in file '/opt/robot-tests/resources/common/basicFunctions.robot' on line 9: Variable file '/opt/robot-tests/tests/libraries/ConfigVariables.py' does not exist.</msg>
</errors>
</robot>
