<?xml version="1.0" encoding="UTF-8"?>
<robot generator="Robot 5.0 (Python 3.8.10 on linux)" generated="20220601 14:11:41.486" rpa="false" schemaversion="3">
<suite id="s1" name="Discover Services Tests" source="/opt/robot-tests/tests/capif_discover_services/discover_services_tests.robot">
<test id="s1-t1" name="Discover Published service APIs by Authorised API Invoker" line="37">
<kw name="Run Keyword" library="BuiltIn">
<arg>Apf_register</arg>
<arg>${CONFIG.credentials.capif_ip}</arg>
<arg>${CONFIG.credentials.capif_port}</arg>
<arg>${CONFIG.credentials.apf_username}</arg>
<arg>${CONFIG.credentials.apf_password}</arg>
<arg>${CONFIG.credentials.apf_role}</arg>
<arg>${CONFIG.credentials.apf_description}</arg>
<doc>Executes the given keyword with the given arguments.</doc>
<kw name="Apf_register" library="basicFunctions">
<arg>${CONFIG.credentials.capif_ip}</arg>
<arg>${CONFIG.credentials.capif_port}</arg>
<arg>${CONFIG.credentials.apf_username}</arg>
<arg>${CONFIG.credentials.apf_password}</arg>
<arg>${CONFIG.credentials.apf_role}</arg>
<arg>${CONFIG.credentials.apf_description}</arg>
<kw name="Copy File" library="OperatingSystem">
<arg>/opt/robot-tests/pythonnetapp/service_api_description.json</arg>
<arg>.</arg>
<doc>Copies the source file into the destination.</doc>
<msg timestamp="20220601 14:11:41.684" level="INFO" html="true">Copied file from '&lt;a href="file:///opt/robot-tests/pythonnetapp/service_api_description.json"&gt;/opt/robot-tests/pythonnetapp/service_api_description.json&lt;/a&gt;' to '&lt;a href="file:///opt/robot-tests/tests/capif_discover_services/service_api_description.json"&gt;/opt/robot-tests/tests/capif_discover_services/service_api_description.json&lt;/a&gt;'.</msg>
<status status="PASS" starttime="20220601 14:11:41.658" endtime="20220601 14:11:41.685"/>
</kw>
<kw name="Register Apf To Capif" library="apf_to_capif">
<var>${resp}</var>
<arg>${CONFIG.credentials.capif_ip}</arg>
<arg>${CONFIG.credentials.capif_port}</arg>
<arg>${CONFIG.credentials.apf_username}</arg>
<arg>${CONFIG.credentials.apf_password}</arg>
<arg>${CONFIG.credentials.apf_role}</arg>
<arg>${CONFIG.credentials.apf_description}</arg>
<msg timestamp="20220601 14:11:41.737" level="INFO">${resp} = 956937f24b85e5</msg>
<status status="PASS" starttime="20220601 14:11:41.685" endtime="20220601 14:11:41.737"/>
</kw>
<kw name="Set Global Variable" library="BuiltIn">
<arg>${api_apf_id}</arg>
<arg>${resp}</arg>
<doc>Makes a variable available globally in all tests and suites.</doc>
<msg timestamp="20220601 14:11:41.738" level="INFO">${api_apf_id} = 956937f24b85e5</msg>
<status status="PASS" starttime="20220601 14:11:41.737" endtime="20220601 14:11:41.739"/>
</kw>
<status status="PASS" starttime="20220601 14:11:41.657" endtime="20220601 14:11:41.739"/>
</kw>
<status status="PASS" starttime="20220601 14:11:41.657" endtime="20220601 14:11:41.739"/>
</kw>
<kw name="Run Keyword" library="BuiltIn">
<var>${access_token_apf}</var>
<arg>Token_case_apf</arg>
<doc>Executes the given keyword with the given arguments.</doc>
<kw name="Token_case_apf" library="basicFunctions">
<kw name="Get Capif Token" library="apf_to_capif">
<var>${resp}</var>
<arg>${CONFIG.credentials.capif_ip}</arg>
<arg>${CONFIG.credentials.capif_port}</arg>
<arg>${CONFIG.credentials.apf_username}</arg>
<arg>${CONFIG.credentials.apf_password}</arg>
<arg>${CONFIG.credentials.apf_role}</arg>
<msg timestamp="20220601 14:11:41.750" level="INFO">${resp} = eyJ0eXAiOiJKV1QiLCJhbGciOiJIUzI1NiJ9.eyJmcmVzaCI6ZmFsc2UsImlhdCI6MTY1NDA5MjcwMSwianRpIjoiYzYyODRmNWEtYTBhNC00MjI1LTlmNGEtMGI1MjdhZjU5NDg4IiwidHlwZSI6ImFjY2VzcyIsInN1YiI6ImR1bW15Y3VzdG9tYXBmIGFwZiIsIm5...</msg>
<status status="PASS" starttime="20220601 14:11:41.740" endtime="20220601 14:11:41.750"/>
</kw>
<status status="PASS" starttime="20220601 14:11:41.739" endtime="20220601 14:11:41.751"/>
</kw>
<msg timestamp="20220601 14:11:41.751" level="INFO">${access_token_apf} = eyJ0eXAiOiJKV1QiLCJhbGciOiJIUzI1NiJ9.eyJmcmVzaCI6ZmFsc2UsImlhdCI6MTY1NDA5MjcwMSwianRpIjoiYzYyODRmNWEtYTBhNC00MjI1LTlmNGEtMGI1MjdhZjU5NDg4IiwidHlwZSI6ImFjY2VzcyIsInN1YiI6ImR1bW15Y3VzdG9tYXBmIGFwZiIsIm5...</msg>
<status status="PASS" starttime="20220601 14:11:41.739" endtime="20220601 14:11:41.751"/>
</kw>
<kw name="Run Keyword" library="BuiltIn">
<arg>Publish services</arg>
<arg>${CONFIG.credentials.capif_ip}</arg>
<arg>${CONFIG.credentials.capif_port}</arg>
<arg>${api_apf_id}</arg>
<arg>${access_token_apf}</arg>
<doc>Executes the given keyword with the given arguments.</doc>
<kw name="Publish services" library="basicFunctions">
<arg>${CONFIG.credentials.capif_ip}</arg>
<arg>${CONFIG.credentials.capif_port}</arg>
<arg>${api_apf_id}</arg>
<arg>${access_token_apf}</arg>
<kw name="Publish Service Api To Capif" library="apf_to_capif">
<var>${resp}</var>
<arg>${CONFIG.credentials.capif_ip}</arg>
<arg>${CONFIG.credentials.capif_port}</arg>
<arg>${api_invoker_id}</arg>
<arg>${access_token}</arg>
<msg timestamp="20220601 14:11:41.838" level="INFO">${resp} = 088d4ddbdf8fc00d27ad4be9b212fd</msg>
<status status="PASS" starttime="20220601 14:11:41.752" endtime="20220601 14:11:41.838"/>
</kw>
<status status="PASS" starttime="20220601 14:11:41.751" endtime="20220601 14:11:41.838"/>
</kw>
<status status="PASS" starttime="20220601 14:11:41.751" endtime="20220601 14:11:41.838"/>
</kw>
<kw name="Run Keyword" library="BuiltIn">
<arg>DummyNetApp_register</arg>
<arg>${CONFIG.credentials.capif_ip}</arg>
<arg>${CONFIG.credentials.capif_port}</arg>
<arg>${CONFIG.credentials.invoker_username}</arg>
<arg>${CONFIG.credentials.invoker_password}</arg>
<arg>${CONFIG.credentials.invoker_role}</arg>
<arg>${CONFIG.credentials.invoker_description}</arg>
<doc>Executes the given keyword with the given arguments.</doc>
<kw name="DummyNetApp_register" library="basicFunctions">
<arg>${CONFIG.credentials.capif_ip}</arg>
<arg>${CONFIG.credentials.capif_port}</arg>
<arg>${CONFIG.credentials.invoker_username}</arg>
<arg>${CONFIG.credentials.invoker_password}</arg>
<arg>${CONFIG.credentials.invoker_role}</arg>
<arg>${CONFIG.credentials.invoker_description}</arg>
<kw name="Register Netapp To Capif" library="netapp_to_capif">
<var>${resp}</var>
<arg>${CONFIG.credentials.capif_ip}</arg>
<arg>${CONFIG.credentials.capif_port}</arg>
<arg>${CONFIG.credentials.invoker_username}</arg>
<arg>${CONFIG.credentials.invoker_password}</arg>
<arg>${CONFIG.credentials.invoker_role}</arg>
<arg>${CONFIG.credentials.invoker_description}</arg>
<msg timestamp="20220601 14:11:41.851" level="INFO">${resp} = 82d397ef66bf40</msg>
<status status="PASS" starttime="20220601 14:11:41.840" endtime="20220601 14:11:41.851"/>
</kw>
<kw name="Set Global Variable" library="BuiltIn">
<arg>${api_invoker_id}</arg>
<arg>${resp}</arg>
<doc>Makes a variable available globally in all tests and suites.</doc>
<msg timestamp="20220601 14:11:41.853" level="INFO">${api_invoker_id} = 82d397ef66bf40</msg>
<status status="PASS" starttime="20220601 14:11:41.851" endtime="20220601 14:11:41.853"/>
</kw>
<status status="PASS" starttime="20220601 14:11:41.839" endtime="20220601 14:11:41.853"/>
</kw>
<status status="PASS" starttime="20220601 14:11:41.838" endtime="20220601 14:11:41.853"/>
</kw>
<kw name="Run Keyword" library="BuiltIn">
<var>${access_token_invoker}</var>
<arg>Token_case_invoker</arg>
<doc>Executes the given keyword with the given arguments.</doc>
<kw name="Token_case_invoker" library="basicFunctions">
<kw name="Get Capif Token" library="netapp_to_capif">
<var>${resp}</var>
<arg>${CONFIG.credentials.capif_ip}</arg>
<arg>${CONFIG.credentials.capif_port}</arg>
<arg>${CONFIG.credentials.invoker_username}</arg>
<arg>${CONFIG.credentials.invoker_password}</arg>
<arg>${CONFIG.credentials.invoker_role}</arg>
<msg timestamp="20220601 14:11:41.865" level="INFO">${resp} = eyJ0eXAiOiJKV1QiLCJhbGciOiJIUzI1NiJ9.eyJmcmVzaCI6ZmFsc2UsImlhdCI6MTY1NDA5MjcwMSwianRpIjoiNDA5NzRjMTYtZWY0ZC00NzdmLWJiZjktM2NiY2QwNDMxZGVkIiwidHlwZSI6ImFjY2VzcyIsInN1YiI6ImR1bW15bmV0YXBwIGludm9rZXIiLCJ...</msg>
<status status="PASS" starttime="20220601 14:11:41.854" endtime="20220601 14:11:41.865"/>
</kw>
<status status="PASS" starttime="20220601 14:11:41.854" endtime="20220601 14:11:41.865"/>
</kw>
<msg timestamp="20220601 14:11:41.865" level="INFO">${access_token_invoker} = eyJ0eXAiOiJKV1QiLCJhbGciOiJIUzI1NiJ9.eyJmcmVzaCI6ZmFsc2UsImlhdCI6MTY1NDA5MjcwMSwianRpIjoiNDA5NzRjMTYtZWY0ZC00NzdmLWJiZjktM2NiY2QwNDMxZGVkIiwidHlwZSI6ImFjY2VzcyIsInN1YiI6ImR1bW15bmV0YXBwIGludm9rZXIiLCJ...</msg>
<status status="PASS" starttime="20220601 14:11:41.853" endtime="20220601 14:11:41.866"/>
</kw>
<kw name="Run Keyword" library="BuiltIn">
<var>${temp}</var>
<arg>OnBoard_DummyNetApp_invoker</arg>
<doc>Executes the given keyword with the given arguments.</doc>
<kw name="OnBoard_DummyNetApp_invoker" library="basicFunctions">
<kw name="Copy File" library="OperatingSystem">
<arg>/opt/robot-tests/pythonnetapp/invoker_details.json</arg>
<arg>.</arg>
<doc>Copies the source file into the destination.</doc>
<msg timestamp="20220601 14:11:41.893" level="INFO" html="true">Copied file from '&lt;a href="file:///opt/robot-tests/pythonnetapp/invoker_details.json"&gt;/opt/robot-tests/pythonnetapp/invoker_details.json&lt;/a&gt;' to '&lt;a href="file:///opt/robot-tests/tests/capif_discover_services/invoker_details.json"&gt;/opt/robot-tests/tests/capif_discover_services/invoker_details.json&lt;/a&gt;'.</msg>
<status status="PASS" starttime="20220601 14:11:41.867" endtime="20220601 14:11:41.893"/>
</kw>
<kw name="Get Capif Token" library="netapp_to_capif">
<var>${access_token}</var>
<arg>${CONFIG.credentials.capif_ip}</arg>
<arg>${CONFIG.credentials.capif_port}</arg>
<arg>${CONFIG.credentials.invoker_username}</arg>
<arg>${CONFIG.credentials.invoker_password}</arg>
<arg>${CONFIG.credentials.invoker_role}</arg>
<msg timestamp="20220601 14:11:41.905" level="INFO">${access_token} = eyJ0eXAiOiJKV1QiLCJhbGciOiJIUzI1NiJ9.eyJmcmVzaCI6ZmFsc2UsImlhdCI6MTY1NDA5MjcwMSwianRpIjoiODhkZTJmMmQtMTEzMy00NzE5LWJkMDItMGQ4ZDI1M2ZjZmU4IiwidHlwZSI6ImFjY2VzcyIsInN1YiI6ImR1bW15bmV0YXBwIGludm9rZXIiLCJ...</msg>
<status status="PASS" starttime="20220601 14:11:41.893" endtime="20220601 14:11:41.905"/>
</kw>
<kw name="Onboard Netapp To Capif" library="netapp_to_capif">
<var>${resp}</var>
<arg>${CONFIG.credentials.capif_ip}</arg>
<arg>${CONFIG.credentials.capif_port}</arg>
<arg>${access_token}</arg>
<msg timestamp="20220601 14:11:41.984" level="INFO">${resp} = 1d96333ff6244a734fa52984c051f0</msg>
<status status="PASS" starttime="20220601 14:11:41.905" endtime="20220601 14:11:41.984"/>
</kw>
<status status="PASS" starttime="20220601 14:11:41.866" endtime="20220601 14:11:41.985"/>
</kw>
<msg timestamp="20220601 14:11:41.985" level="INFO">${temp} = 1d96333ff6244a734fa52984c051f0</msg>
<status status="PASS" starttime="20220601 14:11:41.866" endtime="20220601 14:11:41.985"/>
</kw>
<kw name="Set Global Variable" library="BuiltIn">
<arg>${invId}</arg>
<arg>${temp}</arg>
<doc>Makes a variable available globally in all tests and suites.</doc>
<msg timestamp="20220601 14:11:41.987" level="INFO">${invId} = 1d96333ff6244a734fa52984c051f0</msg>
<status status="PASS" starttime="20220601 14:11:41.985" endtime="20220601 14:11:41.987"/>
</kw>
<kw name="Run Keyword" library="BuiltIn">
<var>${resp}</var>
<arg>Discover services</arg>
<arg>${CONFIG.credentials.capif_ip}</arg>
<arg>${CONFIG.credentials.capif_port}</arg>
<arg>${invId}</arg>
<arg>${access_token_invoker}</arg>
<doc>Executes the given keyword with the given arguments.</doc>
<kw name="Discover services">
<arg>${CONFIG.credentials.capif_ip}</arg>
<arg>${CONFIG.credentials.capif_port}</arg>
<arg>${invId}</arg>
<arg>${access_token_invoker}</arg>
<kw name="Discover Service Apis" library="netapp_to_capif">
<var>${resp}</var>
<arg>${CONFIG.credentials.capif_ip}</arg>
<arg>${CONFIG.credentials.capif_port}</arg>
<arg>${id}</arg>
<arg>${access_token}</arg>
<msg timestamp="20220601 14:11:42.028" level="INFO">${resp} = [{'api_name': '3gpp-session-with-qos', 'api_id': '088d4ddbdf8fc00d27ad4be9b212fd', 'aef_profiles': [{'aef_id': 'string', 'versions': [{'api_version': 'v1', 'expiry': {'$date': '2021-11-30T10:32:02.004...</msg>
<status status="PASS" starttime="20220601 14:11:41.988" endtime="20220601 14:11:42.028"/>
</kw>
<status status="PASS" starttime="20220601 14:11:41.988" endtime="20220601 14:11:42.028"/>
</kw>
<msg timestamp="20220601 14:11:42.028" level="INFO">${resp} = [{'api_name': '3gpp-session-with-qos', 'api_id': '088d4ddbdf8fc00d27ad4be9b212fd', 'aef_profiles': [{'aef_id': 'string', 'versions': [{'api_version': 'v1', 'expiry': {'$date': '2021-11-30T10:32:02.004...</msg>
<status status="PASS" starttime="20220601 14:11:41.987" endtime="20220601 14:11:42.028"/>
</kw>
<kw name="Log To Console" library="BuiltIn">
<arg>${resp}</arg>
<doc>Logs the given message to the console.</doc>
<status status="PASS" starttime="20220601 14:11:42.028" endtime="20220601 14:11:42.029"/>
</kw>
<tag>Discover_Services_by_Authorised_Invoker</tag>
<status status="PASS" starttime="20220601 14:11:41.656" endtime="20220601 14:11:42.029"/>
</test>
<test id="s1-t2" name="Discover Published service APIs by Non Authorised API Invoker" line="63">
<kw name="Run Keyword" library="BuiltIn">
<var>${access_token}</var>
<arg>Token_case_invoker</arg>
<doc>Executes the given keyword with the given arguments.</doc>
<kw name="Token_case_invoker" library="basicFunctions">
<kw name="Get Capif Token" library="netapp_to_capif">
<var>${resp}</var>
<arg>${CONFIG.credentials.capif_ip}</arg>
<arg>${CONFIG.credentials.capif_port}</arg>
<arg>${CONFIG.credentials.invoker_username}</arg>
<arg>${CONFIG.credentials.invoker_password}</arg>
<arg>${CONFIG.credentials.invoker_role}</arg>
<msg timestamp="20220601 14:11:42.040" level="INFO">${resp} = eyJ0eXAiOiJKV1QiLCJhbGciOiJIUzI1NiJ9.eyJmcmVzaCI6ZmFsc2UsImlhdCI6MTY1NDA5MjcwMiwianRpIjoiOWM4MDFhODgtMGE3NS00NjY4LWI2YjctZjAyODk0MzY1MjQ1IiwidHlwZSI6ImFjY2VzcyIsInN1YiI6ImR1bW15bmV0YXBwIGludm9rZXIiLCJ...</msg>
<status status="PASS" starttime="20220601 14:11:42.031" endtime="20220601 14:11:42.040"/>
</kw>
<status status="PASS" starttime="20220601 14:11:42.031" endtime="20220601 14:11:42.041"/>
</kw>
<msg timestamp="20220601 14:11:42.041" level="INFO">${access_token} = eyJ0eXAiOiJKV1QiLCJhbGciOiJIUzI1NiJ9.eyJmcmVzaCI6ZmFsc2UsImlhdCI6MTY1NDA5MjcwMiwianRpIjoiOWM4MDFhODgtMGE3NS00NjY4LWI2YjctZjAyODk0MzY1MjQ1IiwidHlwZSI6ImFjY2VzcyIsInN1YiI6ImR1bW15bmV0YXBwIGludm9rZXIiLCJ...</msg>
<status status="PASS" starttime="20220601 14:11:42.030" endtime="20220601 14:11:42.041"/>
</kw>
<kw name="Run Keyword And Expect Error" library="BuiltIn">
<var>${resp}</var>
<arg>*</arg>
<arg>Discover services</arg>
<arg>${CONFIG.credentials.capif_ip}</arg>
<arg>${CONFIG.credentials.capif_port}</arg>
<arg>${invId}</arg>
<arg>${non-auth}</arg>
<doc>Runs the keyword and checks that the expected error occurred.</doc>
<kw name="Discover services">
<arg>${CONFIG.credentials.capif_ip}</arg>
<arg>${CONFIG.credentials.capif_port}</arg>
<arg>${invId}</arg>
<arg>${non-auth}</arg>
<kw name="Discover Service Apis" library="netapp_to_capif">
<var>${resp}</var>
<arg>${CONFIG.credentials.capif_ip}</arg>
<arg>${CONFIG.credentials.capif_port}</arg>
<arg>${id}</arg>
<arg>${access_token}</arg>
<msg timestamp="20220601 14:11:42.053" level="FAIL">({'msg': 'Token has expired'}, 401)</msg>
<status status="FAIL" starttime="20220601 14:11:42.042" endtime="20220601 14:11:42.058"/>
</kw>
<status status="FAIL" starttime="20220601 14:11:42.041" endtime="20220601 14:11:42.058"/>
</kw>
<msg timestamp="20220601 14:11:42.059" level="INFO">${resp} = ({'msg': 'Token has expired'}, 401)</msg>
<status status="PASS" starttime="20220601 14:11:42.041" endtime="20220601 14:11:42.059"/>
</kw>
<kw name="Should Contain" library="BuiltIn">
<arg>${resp}</arg>
<arg>401</arg>
<doc>Fails if ``container`` does not contain ``item`` one or more times.</doc>
<status status="PASS" starttime="20220601 14:11:42.059" endtime="20220601 14:11:42.059"/>
</kw>
<tag>Discover_Services_by_Authorised_Invoker</tag>
<status status="PASS" starttime="20220601 14:11:42.030" endtime="20220601 14:11:42.059"/>
</test>
<test id="s1-t3" name="Discover Published service APIs by not registered API Invoker" line="75">
<kw name="Run Keyword" library="BuiltIn">
<var>${access_token}</var>
<arg>Token_case_invoker</arg>
<doc>Executes the given keyword with the given arguments.</doc>
<kw name="Token_case_invoker" library="basicFunctions">
<kw name="Get Capif Token" library="netapp_to_capif">
<var>${resp}</var>
<arg>${CONFIG.credentials.capif_ip}</arg>
<arg>${CONFIG.credentials.capif_port}</arg>
<arg>${CONFIG.credentials.invoker_username}</arg>
<arg>${CONFIG.credentials.invoker_password}</arg>
<arg>${CONFIG.credentials.invoker_role}</arg>
<msg timestamp="20220601 14:11:42.071" level="INFO">${resp} = eyJ0eXAiOiJKV1QiLCJhbGciOiJIUzI1NiJ9.eyJmcmVzaCI6ZmFsc2UsImlhdCI6MTY1NDA5MjcwMiwianRpIjoiYWE1ZWY1ZTAtNGU5NS00ODdiLTgxZTUtYzBiMjg3OWI3YTg2IiwidHlwZSI6ImFjY2VzcyIsInN1YiI6ImR1bW15bmV0YXBwIGludm9rZXIiLCJ...</msg>
<status status="PASS" starttime="20220601 14:11:42.061" endtime="20220601 14:11:42.071"/>
</kw>
<status status="PASS" starttime="20220601 14:11:42.061" endtime="20220601 14:11:42.072"/>
</kw>
<msg timestamp="20220601 14:11:42.072" level="INFO">${access_token} = eyJ0eXAiOiJKV1QiLCJhbGciOiJIUzI1NiJ9.eyJmcmVzaCI6ZmFsc2UsImlhdCI6MTY1NDA5MjcwMiwianRpIjoiYWE1ZWY1ZTAtNGU5NS00ODdiLTgxZTUtYzBiMjg3OWI3YTg2IiwidHlwZSI6ImFjY2VzcyIsInN1YiI6ImR1bW15bmV0YXBwIGludm9rZXIiLCJ...</msg>
<status status="PASS" starttime="20220601 14:11:42.061" endtime="20220601 14:11:42.072"/>
</kw>
<kw name="Run Keyword And Expect Error" library="BuiltIn">
<var>${resp}</var>
<arg>*</arg>
<arg>Discover services</arg>
<arg>${CONFIG.credentials.capif_ip}</arg>
<arg>${CONFIG.credentials.capif_port}</arg>
<arg>${API_INVOKER_NOT_REGISTERED}</arg>
<arg>${access_token}</arg>
<doc>Runs the keyword and checks that the expected error occurred.</doc>
<kw name="Discover services">
<arg>${CONFIG.credentials.capif_ip}</arg>
<arg>${CONFIG.credentials.capif_port}</arg>
<arg>${API_INVOKER_NOT_REGISTERED}</arg>
<arg>${access_token}</arg>
<kw name="Discover Service Apis" library="netapp_to_capif">
<var>${resp}</var>
<arg>${CONFIG.credentials.capif_ip}</arg>
<arg>${CONFIG.credentials.capif_port}</arg>
<arg>${id}</arg>
<arg>${access_token}</arg>
<msg timestamp="20220601 14:11:42.097" level="FAIL">({'title': 'Forbidden', 'status': 403, 'detail': 'API Invoker does not exist', 'cause': 'API Invoker id not found'}, 403)</msg>
<status status="FAIL" starttime="20220601 14:11:42.073" endtime="20220601 14:11:42.099"/>
</kw>
<status status="FAIL" starttime="20220601 14:11:42.073" endtime="20220601 14:11:42.100"/>
</kw>
<msg timestamp="20220601 14:11:42.100" level="INFO">${resp} = ({'title': 'Forbidden', 'status': 403, 'detail': 'API Invoker does not exist', 'cause': 'API Invoker id not found'}, 403)</msg>
<status status="PASS" starttime="20220601 14:11:42.072" endtime="20220601 14:11:42.100"/>
</kw>
<kw name="Should Contain" library="BuiltIn">
<arg>${resp}</arg>
<arg>403</arg>
<doc>Fails if ``container`` does not contain ``item`` one or more times.</doc>
<status status="PASS" starttime="20220601 14:11:42.100" endtime="20220601 14:11:42.101"/>
</kw>
<tag>Discover_Services_by_Authorised_Invoker</tag>
<status status="PASS" starttime="20220601 14:11:42.060" endtime="20220601 14:11:42.101"/>
</test>
<test id="s1-t4" name="Discover Published service APIs by registered API Invoker with 1 result filtered" line="85">
<kw name="Run Keyword" library="BuiltIn">
<var>${access_token_invoker}</var>
<arg>Token_case_invoker</arg>
<doc>Executes the given keyword with the given arguments.</doc>
<kw name="Token_case_invoker" library="basicFunctions">
<kw name="Get Capif Token" library="netapp_to_capif">
<var>${resp}</var>
<arg>${CONFIG.credentials.capif_ip}</arg>
<arg>${CONFIG.credentials.capif_port}</arg>
<arg>${CONFIG.credentials.invoker_username}</arg>
<arg>${CONFIG.credentials.invoker_password}</arg>
<arg>${CONFIG.credentials.invoker_role}</arg>
<msg timestamp="20220601 14:11:42.113" level="INFO">${resp} = eyJ0eXAiOiJKV1QiLCJhbGciOiJIUzI1NiJ9.eyJmcmVzaCI6ZmFsc2UsImlhdCI6MTY1NDA5MjcwMiwianRpIjoiMzk2N2U3Y2YtYWU4YS00MjA1LWI3ZjUtZmU4MTgyZTc5NDZiIiwidHlwZSI6ImFjY2VzcyIsInN1YiI6ImR1bW15bmV0YXBwIGludm9rZXIiLCJ...</msg>
<status status="PASS" starttime="20220601 14:11:42.103" endtime="20220601 14:11:42.113"/>
</kw>
<status status="PASS" starttime="20220601 14:11:42.103" endtime="20220601 14:11:42.113"/>
</kw>
<msg timestamp="20220601 14:11:42.113" level="INFO">${access_token_invoker} = eyJ0eXAiOiJKV1QiLCJhbGciOiJIUzI1NiJ9.eyJmcmVzaCI6ZmFsc2UsImlhdCI6MTY1NDA5MjcwMiwianRpIjoiMzk2N2U3Y2YtYWU4YS00MjA1LWI3ZjUtZmU4MTgyZTc5NDZiIiwidHlwZSI6ImFjY2VzcyIsInN1YiI6ImR1bW15bmV0YXBwIGludm9rZXIiLCJ...</msg>
<status status="PASS" starttime="20220601 14:11:42.103" endtime="20220601 14:11:42.113"/>
</kw>
<kw name="Run Keyword" library="BuiltIn">
<var>${resp}</var>
<arg>Discover services</arg>
<arg>${CONFIG.credentials.capif_ip}</arg>
<arg>${CONFIG.credentials.capif_port}</arg>
<arg>${invId}</arg>
<arg>${access_token_invoker}</arg>
<doc>Executes the given keyword with the given arguments.</doc>
<kw name="Discover services">
<arg>${CONFIG.credentials.capif_ip}</arg>
<arg>${CONFIG.credentials.capif_port}</arg>
<arg>${invId}</arg>
<arg>${access_token_invoker}</arg>
<kw name="Discover Service Apis" library="netapp_to_capif">
<var>${resp}</var>
<arg>${CONFIG.credentials.capif_ip}</arg>
<arg>${CONFIG.credentials.capif_port}</arg>
<arg>${id}</arg>
<arg>${access_token}</arg>
<msg timestamp="20220601 14:11:42.141" level="INFO">${resp} = [{'api_name': '3gpp-session-with-qos', 'api_id': '088d4ddbdf8fc00d27ad4be9b212fd', 'aef_profiles': [{'aef_id': 'string', 'versions': [{'api_version': 'v1', 'expiry': {'$date': '2021-11-30T10:32:02.004...</msg>
<status status="PASS" starttime="20220601 14:11:42.115" endtime="20220601 14:11:42.141"/>
</kw>
<status status="PASS" starttime="20220601 14:11:42.114" endtime="20220601 14:11:42.141"/>
</kw>
<msg timestamp="20220601 14:11:42.142" level="INFO">${resp} = [{'api_name': '3gpp-session-with-qos', 'api_id': '088d4ddbdf8fc00d27ad4be9b212fd', 'aef_profiles': [{'aef_id': 'string', 'versions': [{'api_version': 'v1', 'expiry': {'$date': '2021-11-30T10:32:02.004...</msg>
<status status="PASS" starttime="20220601 14:11:42.114" endtime="20220601 14:11:42.142"/>
</kw>
<kw name="Should Not Be Empty" library="BuiltIn">
<arg>${resp}</arg>
<doc>Verifies that the given item is not empty.</doc>
<msg timestamp="20220601 14:11:42.142" level="INFO">Length is 1</msg>
<status status="PASS" starttime="20220601 14:11:42.142" endtime="20220601 14:11:42.142"/>
</kw>
<kw name="Length Should Be" library="BuiltIn">
<arg>${resp}</arg>
<arg>1</arg>
<doc>Verifies that the length of the given item is correct.</doc>
<msg timestamp="20220601 14:11:42.143" level="INFO">Length is 1</msg>
<status status="PASS" starttime="20220601 14:11:42.143" endtime="20220601 14:11:42.143"/>
</kw>
<status status="PASS" starttime="20220601 14:11:42.102" endtime="20220601 14:11:42.143"/>
</test>
<test id="s1-t5" name="Discover Published service APIs by registered API Invoker filtered with no match" line="99">
<kw name="Run Keyword" library="BuiltIn">
<var>${access_token_invoker}</var>
<arg>Token_case_invoker</arg>
<doc>Executes the given keyword with the given arguments.</doc>
<kw name="Token_case_invoker" library="basicFunctions">
<kw name="Get Capif Token" library="netapp_to_capif">
<var>${resp}</var>
<arg>${CONFIG.credentials.capif_ip}</arg>
<arg>${CONFIG.credentials.capif_port}</arg>
<arg>${CONFIG.credentials.invoker_username}</arg>
<arg>${CONFIG.credentials.invoker_password}</arg>
<arg>${CONFIG.credentials.invoker_role}</arg>
<msg timestamp="20220601 14:11:42.156" level="INFO">${resp} = eyJ0eXAiOiJKV1QiLCJhbGciOiJIUzI1NiJ9.eyJmcmVzaCI6ZmFsc2UsImlhdCI6MTY1NDA5MjcwMiwianRpIjoiODdkNzg0MTUtMThhNC00ZGEyLWFkM2MtYTAyNjdmNzc0NDYyIiwidHlwZSI6ImFjY2VzcyIsInN1YiI6ImR1bW15bmV0YXBwIGludm9rZXIiLCJ...</msg>
<status status="PASS" starttime="20220601 14:11:42.145" endtime="20220601 14:11:42.156"/>
</kw>
<status status="PASS" starttime="20220601 14:11:42.145" endtime="20220601 14:11:42.156"/>
</kw>
<msg timestamp="20220601 14:11:42.156" level="INFO">${access_token_invoker} = eyJ0eXAiOiJKV1QiLCJhbGciOiJIUzI1NiJ9.eyJmcmVzaCI6ZmFsc2UsImlhdCI6MTY1NDA5MjcwMiwianRpIjoiODdkNzg0MTUtMThhNC00ZGEyLWFkM2MtYTAyNjdmNzc0NDYyIiwidHlwZSI6ImFjY2VzcyIsInN1YiI6ImR1bW15bmV0YXBwIGludm9rZXIiLCJ...</msg>
<status status="PASS" starttime="20220601 14:11:42.144" endtime="20220601 14:11:42.156"/>
</kw>
<kw name="Run Keyword" library="BuiltIn">
<var>${resp}</var>
<arg>Discover services</arg>
<arg>${CONFIG.credentials.capif_ip}</arg>
<arg>${CONFIG.credentials.capif_port}</arg>
<arg>${invId}</arg>
<arg>${access_token_invoker}</arg>
<doc>Executes the given keyword with the given arguments.</doc>
<kw name="Discover services">
<arg>${CONFIG.credentials.capif_ip}</arg>
<arg>${CONFIG.credentials.capif_port}</arg>
<arg>${invId}</arg>
<arg>${access_token_invoker}</arg>
<kw name="Discover Service Apis" library="netapp_to_capif">
<var>${resp}</var>
<arg>${CONFIG.credentials.capif_ip}</arg>
<arg>${CONFIG.credentials.capif_port}</arg>
<arg>${id}</arg>
<arg>${access_token}</arg>
<msg timestamp="20220601 14:11:42.183" level="INFO">${resp} = [{'api_name': '3gpp-session-with-qos', 'api_id': '088d4ddbdf8fc00d27ad4be9b212fd', 'aef_profiles': [{'aef_id': 'string', 'versions': [{'api_version': 'v1', 'expiry': {'$date': '2021-11-30T10:32:02.004...</msg>
<status status="PASS" starttime="20220601 14:11:42.158" endtime="20220601 14:11:42.183"/>
</kw>
<status status="PASS" starttime="20220601 14:11:42.157" endtime="20220601 14:11:42.183"/>
</kw>
<msg timestamp="20220601 14:11:42.183" level="INFO">${resp} = [{'api_name': '3gpp-session-with-qos', 'api_id': '088d4ddbdf8fc00d27ad4be9b212fd', 'aef_profiles': [{'aef_id': 'string', 'versions': [{'api_version': 'v1', 'expiry': {'$date': '2021-11-30T10:32:02.004...</msg>
<status status="PASS" starttime="20220601 14:11:42.157" endtime="20220601 14:11:42.183"/>
</kw>
<kw name="Should Not Be Empty" library="BuiltIn">
<arg>${resp}</arg>
<doc>Verifies that the given item is not empty.</doc>
<msg timestamp="20220601 14:11:42.184" level="INFO">Length is 1</msg>
<status status="PASS" starttime="20220601 14:11:42.184" endtime="20220601 14:11:42.184"/>
</kw>
<kw name="Length Should Be" library="BuiltIn">
<arg>${resp}</arg>
<arg>0</arg>
<doc>Verifies that the length of the given item is correct.</doc>
<msg timestamp="20220601 14:11:42.184" level="INFO">Length is 1</msg>
<msg timestamp="20220601 14:11:42.185" level="FAIL">Length of '[{'api_name': '3gpp-session-with-qos', 'api_id': '088d4ddbdf8fc00d27ad4be9b212fd', 'aef_profiles': [{'aef_id': 'string', 'versions': [{'api_version': 'v1', 'expiry': {'$date': '2021-11-30T10:32:02.004Z'}, 'resources': [{'resource_name': 'string', 'comm_type': 'REQUEST_RESPONSE', 'uri': 'string', 'cust_op_name': 'string', 'operations': ['GET'], 'description': 'string'}], 'cust_operations': [{'comm_type': 'REQUEST_RESPONSE', 'cust_op_name': 'string', 'operations': ['GET'], 'description': 'string'}]}], 'protocol': 'HTTP_1_1', 'data_format': 'JSON', 'security_methods': ['PSK'], 'domain_name': None, 'interface_descriptions': [{'ipv4_addr': 'string', 'ipv6_addr': None, 'port': 65535, 'security_methods': ['PSK']}, {'ipv4_addr': 'string', 'ipv6_addr': None, 'port': 65535, 'security_methods': ['PSK']}]}, {'aef_id': 'string', 'versions': [{'api_version': 'v1', 'expiry': {'$date': '2021-11-30T10:32:02.004Z'}, 'resources': [{'resource_name': 'string', 'comm_type': 'REQUEST_RESPONSE', 'uri': 'string', 'cust_op_name': 'string', 'operations': ['GET'], 'description': 'string'}], 'cust_operations': [{'comm_type': 'REQUEST_RESPONSE', 'cust_op_name': 'string', 'operations': ['GET'], 'description': 'string'}]}], 'protocol': 'HTTP_1_1', 'data_format': 'JSON', 'security_methods': ['PSK'], 'domain_name': None, 'interface_descriptions': [{'ipv4_addr': 'string', 'ipv6_addr': None, 'port': 65535, 'security_methods': ['PSK']}, {'ipv4_addr': 'string', 'ipv6_addr': None, 'port': 65535, 'security_methods': ['PSK']}]}], 'description': 'string', 'supported_features': 'fffff', 'shareable_info': {'is_shareable': True, 'capif_prov_doms': ['string']}, 'service_api_category': 'string', 'api_supp_feats': 'fffff', 'pub_api_path': {'ccf_ids': ['string']}, 'ccf_id': 'string'}]' should be 0 but is 1.</msg>
<status status="FAIL" starttime="20220601 14:11:42.184" endtime="20220601 14:11:42.185"/>
</kw>
<tag>Discover_Services_by_Registered_Invoker_no_match</tag>
<status status="FAIL" starttime="20220601 14:11:42.144" endtime="20220601 14:11:42.185">Length of '[{'api_name': '3gpp-session-with-qos', 'api_id': '088d4ddbdf8fc00d27ad4be9b212fd', 'aef_profiles': [{'aef_id': 'string', 'versions': [{'api_version': 'v1', 'expiry': {'$date': '2021-11-30T10:32:02.004Z'}, 'resources': [{'resource_name': 'string', 'comm_type': 'REQUEST_RESPONSE', 'uri': 'string', 'cust_op_name': 'string', 'operations': ['GET'], 'description': 'string'}], 'cust_operations': [{'comm_type': 'REQUEST_RESPONSE', 'cust_op_name': 'string', 'operations': ['GET'], 'description': 'string'}]}], 'protocol': 'HTTP_1_1', 'data_format': 'JSON', 'security_methods': ['PSK'], 'domain_name': None, 'interface_descriptions': [{'ipv4_addr': 'string', 'ipv6_addr': None, 'port': 65535, 'security_methods': ['PSK']}, {'ipv4_addr': 'string', 'ipv6_addr': None, 'port': 65535, 'security_methods': ['PSK']}]}, {'aef_id': 'string', 'versions': [{'api_version': 'v1', 'expiry': {'$date': '2021-11-30T10:32:02.004Z'}, 'resources': [{'resource_name': 'string', 'comm_type': 'REQUEST_RESPONSE', 'uri': 'string', 'cust_op_name': 'string', 'operations': ['GET'], 'description': 'string'}], 'cust_operations': [{'comm_type': 'REQUEST_RESPONSE', 'cust_op_name': 'string', 'operations': ['GET'], 'description': 'string'}]}], 'protocol': 'HTTP_1_1', 'data_format': 'JSON', 'security_methods': ['PSK'], 'domain_name': None, 'interface_descriptions': [{'ipv4_addr': 'string', 'ipv6_addr': None, 'port': 65535, 'security_methods': ['PSK']}, {'ipv4_addr': 'string', 'ipv6_addr': None, 'port': 65535, 'security_methods': ['PSK']}]}], 'description': 'string', 'supported_features': 'fffff', 'shareable_info': {'is_shareable': True, 'capif_prov_doms': ['string']}, 'service_api_category': 'string', 'api_supp_feats': 'fffff', 'pub_api_path': {'ccf_ids': ['string']}, 'ccf_id': 'string'}]' should be 0 but is 1.</status>
</test>
<test id="s1-t6" name="Discover Published service APIs by registered API Invoker not filtered" line="114">
<kw name="Run Keyword" library="BuiltIn">
<var>${access_token_invoker}</var>
<arg>Token_case_invoker</arg>
<doc>Executes the given keyword with the given arguments.</doc>
<kw name="Token_case_invoker" library="basicFunctions">
<kw name="Get Capif Token" library="netapp_to_capif">
<var>${resp}</var>
<arg>${CONFIG.credentials.capif_ip}</arg>
<arg>${CONFIG.credentials.capif_port}</arg>
<arg>${CONFIG.credentials.invoker_username}</arg>
<arg>${CONFIG.credentials.invoker_password}</arg>
<arg>${CONFIG.credentials.invoker_role}</arg>
<msg timestamp="20220601 14:11:42.197" level="INFO">${resp} = eyJ0eXAiOiJKV1QiLCJhbGciOiJIUzI1NiJ9.eyJmcmVzaCI6ZmFsc2UsImlhdCI6MTY1NDA5MjcwMiwianRpIjoiOTlkMDMyZDAtMmYwOC00ZmY1LWFlNmEtZjUyNjkxNTg3Y2NhIiwidHlwZSI6ImFjY2VzcyIsInN1YiI6ImR1bW15bmV0YXBwIGludm9rZXIiLCJ...</msg>
<status status="PASS" starttime="20220601 14:11:42.187" endtime="20220601 14:11:42.197"/>
</kw>
<status status="PASS" starttime="20220601 14:11:42.187" endtime="20220601 14:11:42.198"/>
</kw>
<msg timestamp="20220601 14:11:42.198" level="INFO">${access_token_invoker} = eyJ0eXAiOiJKV1QiLCJhbGciOiJIUzI1NiJ9.eyJmcmVzaCI6ZmFsc2UsImlhdCI6MTY1NDA5MjcwMiwianRpIjoiOTlkMDMyZDAtMmYwOC00ZmY1LWFlNmEtZjUyNjkxNTg3Y2NhIiwidHlwZSI6ImFjY2VzcyIsInN1YiI6ImR1bW15bmV0YXBwIGludm9rZXIiLCJ...</msg>
<status status="PASS" starttime="20220601 14:11:42.186" endtime="20220601 14:11:42.198"/>
</kw>
<kw name="Run Keyword" library="BuiltIn">
<var>${resp}</var>
<arg>Discover services</arg>
<arg>${CONFIG.credentials.capif_ip}</arg>
<arg>${CONFIG.credentials.capif_port}</arg>
<arg>${invId}</arg>
<arg>${access_token_invoker}</arg>
<doc>Executes the given keyword with the given arguments.</doc>
<kw name="Discover services">
<arg>${CONFIG.credentials.capif_ip}</arg>
<arg>${CONFIG.credentials.capif_port}</arg>
<arg>${invId}</arg>
<arg>${access_token_invoker}</arg>
<kw name="Discover Service Apis" library="netapp_to_capif">
<var>${resp}</var>
<arg>${CONFIG.credentials.capif_ip}</arg>
<arg>${CONFIG.credentials.capif_port}</arg>
<arg>${id}</arg>
<arg>${access_token}</arg>
<msg timestamp="20220601 14:11:42.230" level="INFO">${resp} = [{'api_name': '3gpp-session-with-qos', 'api_id': '088d4ddbdf8fc00d27ad4be9b212fd', 'aef_profiles': [{'aef_id': 'string', 'versions': [{'api_version': 'v1', 'expiry': {'$date': '2021-11-30T10:32:02.004...</msg>
<status status="PASS" starttime="20220601 14:11:42.199" endtime="20220601 14:11:42.231"/>
</kw>
<status status="PASS" starttime="20220601 14:11:42.199" endtime="20220601 14:11:42.231"/>
</kw>
<msg timestamp="20220601 14:11:42.231" level="INFO">${resp} = [{'api_name': '3gpp-session-with-qos', 'api_id': '088d4ddbdf8fc00d27ad4be9b212fd', 'aef_profiles': [{'aef_id': 'string', 'versions': [{'api_version': 'v1', 'expiry': {'$date': '2021-11-30T10:32:02.004...</msg>
<status status="PASS" starttime="20220601 14:11:42.198" endtime="20220601 14:11:42.231"/>
</kw>
<kw name="Should Not Be Empty" library="BuiltIn">
<arg>${resp}</arg>
<doc>Verifies that the given item is not empty.</doc>
<msg timestamp="20220601 14:11:42.232" level="INFO">Length is 1</msg>
<status status="PASS" starttime="20220601 14:11:42.232" endtime="20220601 14:11:42.232"/>
</kw>
<kw name="Length Should Be" library="BuiltIn">
<arg>${resp}</arg>
<arg>2</arg>
<doc>Verifies that the length of the given item is correct.</doc>
<msg timestamp="20220601 14:11:42.233" level="INFO">Length is 1</msg>
<msg timestamp="20220601 14:11:42.233" level="FAIL">Length of '[{'api_name': '3gpp-session-with-qos', 'api_id': '088d4ddbdf8fc00d27ad4be9b212fd', 'aef_profiles': [{'aef_id': 'string', 'versions': [{'api_version': 'v1', 'expiry': {'$date': '2021-11-30T10:32:02.004Z'}, 'resources': [{'resource_name': 'string', 'comm_type': 'REQUEST_RESPONSE', 'uri': 'string', 'cust_op_name': 'string', 'operations': ['GET'], 'description': 'string'}], 'cust_operations': [{'comm_type': 'REQUEST_RESPONSE', 'cust_op_name': 'string', 'operations': ['GET'], 'description': 'string'}]}], 'protocol': 'HTTP_1_1', 'data_format': 'JSON', 'security_methods': ['PSK'], 'domain_name': None, 'interface_descriptions': [{'ipv4_addr': 'string', 'ipv6_addr': None, 'port': 65535, 'security_methods': ['PSK']}, {'ipv4_addr': 'string', 'ipv6_addr': None, 'port': 65535, 'security_methods': ['PSK']}]}, {'aef_id': 'string', 'versions': [{'api_version': 'v1', 'expiry': {'$date': '2021-11-30T10:32:02.004Z'}, 'resources': [{'resource_name': 'string', 'comm_type': 'REQUEST_RESPONSE', 'uri': 'string', 'cust_op_name': 'string', 'operations': ['GET'], 'description': 'string'}], 'cust_operations': [{'comm_type': 'REQUEST_RESPONSE', 'cust_op_name': 'string', 'operations': ['GET'], 'description': 'string'}]}], 'protocol': 'HTTP_1_1', 'data_format': 'JSON', 'security_methods': ['PSK'], 'domain_name': None, 'interface_descriptions': [{'ipv4_addr': 'string', 'ipv6_addr': None, 'port': 65535, 'security_methods': ['PSK']}, {'ipv4_addr': 'string', 'ipv6_addr': None, 'port': 65535, 'security_methods': ['PSK']}]}], 'description': 'string', 'supported_features': 'fffff', 'shareable_info': {'is_shareable': True, 'capif_prov_doms': ['string']}, 'service_api_category': 'string', 'api_supp_feats': 'fffff', 'pub_api_path': {'ccf_ids': ['string']}, 'ccf_id': 'string'}]' should be 2 but is 1.</msg>
<status status="FAIL" starttime="20220601 14:11:42.232" endtime="20220601 14:11:42.233"/>
</kw>
<tag>Discover_Services_by_Registered_Invoker_no_match</tag>
<status status="FAIL" starttime="20220601 14:11:42.186" endtime="20220601 14:11:42.234">Length of '[{'api_name': '3gpp-session-with-qos', 'api_id': '088d4ddbdf8fc00d27ad4be9b212fd', 'aef_profiles': [{'aef_id': 'string', 'versions': [{'api_version': 'v1', 'expiry': {'$date': '2021-11-30T10:32:02.004Z'}, 'resources': [{'resource_name': 'string', 'comm_type': 'REQUEST_RESPONSE', 'uri': 'string', 'cust_op_name': 'string', 'operations': ['GET'], 'description': 'string'}], 'cust_operations': [{'comm_type': 'REQUEST_RESPONSE', 'cust_op_name': 'string', 'operations': ['GET'], 'description': 'string'}]}], 'protocol': 'HTTP_1_1', 'data_format': 'JSON', 'security_methods': ['PSK'], 'domain_name': None, 'interface_descriptions': [{'ipv4_addr': 'string', 'ipv6_addr': None, 'port': 65535, 'security_methods': ['PSK']}, {'ipv4_addr': 'string', 'ipv6_addr': None, 'port': 65535, 'security_methods': ['PSK']}]}, {'aef_id': 'string', 'versions': [{'api_version': 'v1', 'expiry': {'$date': '2021-11-30T10:32:02.004Z'}, 'resources': [{'resource_name': 'string', 'comm_type': 'REQUEST_RESPONSE', 'uri': 'string', 'cust_op_name': 'string', 'operations': ['GET'], 'description': 'string'}], 'cust_operations': [{'comm_type': 'REQUEST_RESPONSE', 'cust_op_name': 'string', 'operations': ['GET'], 'description': 'string'}]}], 'protocol': 'HTTP_1_1', 'data_format': 'JSON', 'security_methods': ['PSK'], 'domain_name': None, 'interface_descriptions': [{'ipv4_addr': 'string', 'ipv6_addr': None, 'port': 65535, 'security_methods': ['PSK']}, {'ipv4_addr': 'string', 'ipv6_addr': None, 'port': 65535, 'security_methods': ['PSK']}]}], 'description': 'string', 'supported_features': 'fffff', 'shareable_info': {'is_shareable': True, 'capif_prov_doms': ['string']}, 'service_api_category': 'string', 'api_supp_feats': 'fffff', 'pub_api_path': {'ccf_ids': ['string']}, 'ccf_id': 'string'}]' should be 2 but is 1.</status>
</test>
<doc>This test file contains the basic register requests from netApp to Capif API.</doc>
<status status="FAIL" starttime="20220601 14:11:41.487" endtime="20220601 14:11:42.235"/>
</suite>
<statistics>
<total>
<stat pass="4" fail="2" skip="0">All Tests</stat>
</total>
<tag>
<stat pass="3" fail="0" skip="0">Discover_Services_by_Authorised_Invoker</stat>
<stat pass="0" fail="2" skip="0">Discover_Services_by_Registered_Invoker_no_match</stat>
</tag>
<suite>
<stat pass="4" fail="2" skip="0" id="s1" name="Discover Services Tests">Discover Services Tests</stat>
</suite>
</statistics>
<errors>
<msg timestamp="20220601 14:11:41.631" level="ERROR">Error in file '/opt/robot-tests/resources/common/basicFunctions.robot' on line 9: Variable file '/opt/robot-tests/tests/libraries/ConfigVariables.py' does not exist.</msg>
</errors>
</robot>
