<?xml version="1.0" encoding="UTF-8"?>
<robot generator="Robot 4.1.3 (Python 3.8.10 on linux)" generated="20220304 10:18:07.222" rpa="false" schemaversion="2">
<suite id="s1" name="Dummy-Tests" source="/opt/robot-tests/tests/tests/capif_invoker_tests/dummy-tests.robot">
<test id="s1-t1" name="Register DummyNetApp">
<kw name="Run Keyword" library="BuiltIn">
<arg>DummyNetApp_register</arg>
<arg>${CONFIG.credentials.capif_ip}</arg>
<arg>${CONFIG.credentials.capif_port}</arg>
<arg>${CONFIG.credentials.invoker_username}</arg>
<arg>${CONFIG.credentials.invoker_password}</arg>
<arg>${CONFIG.credentials.invoker_role}</arg>
<arg>${CONFIG.credentials.invoker_description}</arg>
<doc>Executes the given keyword with the given arguments.</doc>
<kw name="DummyNetApp_register">
<arg>${CONFIG.credentials.capif_ip}</arg>
<arg>${CONFIG.credentials.capif_port}</arg>
<arg>${CONFIG.credentials.invoker_username}</arg>
<arg>${CONFIG.credentials.invoker_password}</arg>
<arg>${CONFIG.credentials.invoker_role}</arg>
<arg>${CONFIG.credentials.invoker_description}</arg>
<kw name="Register Netapp To Capif" library="netapp_to_capif">
<var>${resp}</var>
<arg>${CONFIG.credentials.capif_ip}</arg>
<arg>${CONFIG.credentials.capif_port}</arg>
<arg>${CONFIG.credentials.invoker_username}</arg>
<arg>${CONFIG.credentials.invoker_password}</arg>
<arg>${CONFIG.credentials.invoker_role}</arg>
<arg>${CONFIG.credentials.invoker_description}</arg>
<msg timestamp="20220304 10:18:07.412" level="FAIL">('"User already exists"\n', 409)</msg>
<status status="FAIL" starttime="20220304 10:18:07.393" endtime="20220304 10:18:07.412"/>
</kw>
<status status="FAIL" starttime="20220304 10:18:07.392" endtime="20220304 10:18:07.415"/>
</kw>
<status status="FAIL" starttime="20220304 10:18:07.392" endtime="20220304 10:18:07.415"/>
</kw>
<tag>Dummy_NetApp_Register_Test</tag>
<status status="FAIL" starttime="20220304 10:18:07.391" endtime="20220304 10:18:07.415">('"User already exists"\n', 409)</status>
</test>
<test id="s1-t2" name="Register DummyNetApp Already registered">
<kw name="DummyNetApp_already_registered">
<kw name="Run Keyword And Expect Error" library="BuiltIn">
<var>${output}</var>
<arg>*</arg>
<arg>DummyNetApp_register</arg>
<arg>${CONFIG.credentials.capif_ip}</arg>
<arg>${CONFIG.credentials.capif_port}</arg>
<arg>${CONFIG.credentials.invoker_username}</arg>
<arg>${CONFIG.credentials.invoker_password}</arg>
<arg>${CONFIG.credentials.invoker_role}</arg>
<arg>${CONFIG.credentials.invoker_description}</arg>
<doc>Runs the keyword and checks that the expected error occurred.</doc>
<kw name="DummyNetApp_register">
<arg>${CONFIG.credentials.capif_ip}</arg>
<arg>${CONFIG.credentials.capif_port}</arg>
<arg>${CONFIG.credentials.invoker_username}</arg>
<arg>${CONFIG.credentials.invoker_password}</arg>
<arg>${CONFIG.credentials.invoker_role}</arg>
<arg>${CONFIG.credentials.invoker_description}</arg>
<kw name="Register Netapp To Capif" library="netapp_to_capif">
<var>${resp}</var>
<arg>${CONFIG.credentials.capif_ip}</arg>
<arg>${CONFIG.credentials.capif_port}</arg>
<arg>${CONFIG.credentials.invoker_username}</arg>
<arg>${CONFIG.credentials.invoker_password}</arg>
<arg>${CONFIG.credentials.invoker_role}</arg>
<arg>${CONFIG.credentials.invoker_description}</arg>
<msg timestamp="20220304 10:18:07.440" level="FAIL">('"User already exists"\n', 409)</msg>
<status status="FAIL" starttime="20220304 10:18:07.418" endtime="20220304 10:18:07.440"/>
</kw>
<status status="FAIL" starttime="20220304 10:18:07.417" endtime="20220304 10:18:07.441"/>
</kw>
<msg timestamp="20220304 10:18:07.441" level="INFO">${output} = ('"User already exists"\n', 409)</msg>
<status status="PASS" starttime="20220304 10:18:07.417" endtime="20220304 10:18:07.441"/>
</kw>
<kw name="Should Contain" library="BuiltIn">
<arg>${output}</arg>
<arg>${already_exists}</arg>
<doc>Fails if ``container`` does not contain ``item`` one or more times.</doc>
<status status="PASS" starttime="20220304 10:18:07.441" endtime="20220304 10:18:07.443"/>
</kw>
<status status="PASS" starttime="20220304 10:18:07.417" endtime="20220304 10:18:07.443"/>
</kw>
<tag>Dummy_NetApp_Already_Registered_Test</tag>
<status status="PASS" starttime="20220304 10:18:07.416" endtime="20220304 10:18:07.443"/>
</test>
<test id="s1-t3" name="Get Capif Token">
<kw name="Run Keyword" library="BuiltIn">
<arg>Token_case</arg>
<doc>Executes the given keyword with the given arguments.</doc>
<kw name="Token_case">
<kw name="Get Capif Token" library="netapp_to_capif">
<var>${resp}</var>
<arg>${CONFIG.credentials.capif_ip}</arg>
<arg>${CONFIG.credentials.capif_port}</arg>
<arg>${CONFIG.credentials.invoker_username}</arg>
<arg>${CONFIG.credentials.invoker_password}</arg>
<arg>${CONFIG.credentials.invoker_role}</arg>
<msg timestamp="20220304 10:18:07.461" level="INFO">${resp} = eyJ0eXAiOiJKV1QiLCJhbGciOiJIUzI1NiJ9.eyJmcmVzaCI6ZmFsc2UsImlhdCI6MTY0NjM4OTA4NywianRpIjoiZDY1NmNkMzktNTcxMy00ZGVmLWI0N2UtYjQ0MjhhYzMwOGRiIiwidHlwZSI6ImFjY2VzcyIsInN1YiI6InlvbmV0YXBwIGludm9rZXIiLCJuYmY...</msg>
<status status="PASS" starttime="20220304 10:18:07.444" endtime="20220304 10:18:07.461"/>
</kw>
<status status="PASS" starttime="20220304 10:18:07.444" endtime="20220304 10:18:07.461"/>
</kw>
<status status="PASS" starttime="20220304 10:18:07.444" endtime="20220304 10:18:07.461"/>
</kw>
<tag>Get_Capif_Token_Test</tag>
<status status="PASS" starttime="20220304 10:18:07.443" endtime="20220304 10:18:07.461"/>
</test>
<test id="s1-t4" name="Onboard DummyNetApp to Capif">
<kw name="Run Keyword" library="BuiltIn">
<arg>OnBoard_DummyNetApp</arg>
<doc>Executes the given keyword with the given arguments.</doc>
<kw name="OnBoard_DummyNetApp">
<kw name="Get Capif Token" library="netapp_to_capif">
<var>${access_token}</var>
<arg>${CONFIG.credentials.capif_ip}</arg>
<arg>${CONFIG.credentials.capif_port}</arg>
<arg>${CONFIG.credentials.invoker_username}</arg>
<arg>${CONFIG.credentials.invoker_password}</arg>
<arg>${CONFIG.credentials.invoker_role}</arg>
<msg timestamp="20220304 10:18:07.486" level="INFO">${access_token} = eyJ0eXAiOiJKV1QiLCJhbGciOiJIUzI1NiJ9.eyJmcmVzaCI6ZmFsc2UsImlhdCI6MTY0NjM4OTA4NywianRpIjoiNDAxNDQzYjItMWVkMC00ZDUyLWFlNjYtMzEwYzQzNjY3ZjhhIiwidHlwZSI6ImFjY2VzcyIsInN1YiI6InlvbmV0YXBwIGludm9rZXIiLCJuYmY...</msg>
<status status="PASS" starttime="20220304 10:18:07.466" endtime="20220304 10:18:07.486"/>
</kw>
<kw name="Onboard Netapp To Capif" library="netapp_to_capif">
<var>${resp}</var>
<arg>${CONFIG.credentials.capif_ip}</arg>
<arg>${CONFIG.credentials.capif_port}</arg>
<arg>${access_token}</arg>
<msg timestamp="20220304 10:18:07.541" level="FAIL">('{"title": "Forbidden", "status": 403, "detail": "Invoker already registered", "cause": "Identical invoker public key"}', 403)</msg>
<status status="FAIL" starttime="20220304 10:18:07.486" endtime="20220304 10:18:07.541"/>
</kw>
<status status="FAIL" starttime="20220304 10:18:07.466" endtime="20220304 10:18:07.542"/>
</kw>
<status status="FAIL" starttime="20220304 10:18:07.465" endtime="20220304 10:18:07.542"/>
</kw>
<tag>Onboard_Netapp_to_Capif</tag>
<status status="FAIL" starttime="20220304 10:18:07.462" endtime="20220304 10:18:07.542">('{"title": "Forbidden", "status": 403, "detail": "Invoker already registered", "cause": "Identical invoker public key"}', 403)</status>
</test>
<test id="s1-t5" name="Already registered invoker to Capif">
<kw name="Run Keyword" library="BuiltIn">
<arg>Invoker_already_registered</arg>
<doc>Executes the given keyword with the given arguments.</doc>
<kw name="Invoker_already_registered">
<kw name="Run Keyword And Expect Error" library="BuiltIn">
<var>${output}</var>
<arg>*</arg>
<arg>OnBoard_DummyNetApp</arg>
<doc>Runs the keyword and checks that the expected error occurred.</doc>
<kw name="OnBoard_DummyNetApp">
<kw name="Get Capif Token" library="netapp_to_capif">
<var>${access_token}</var>
<arg>${CONFIG.credentials.capif_ip}</arg>
<arg>${CONFIG.credentials.capif_port}</arg>
<arg>${CONFIG.credentials.invoker_username}</arg>
<arg>${CONFIG.credentials.invoker_password}</arg>
<arg>${CONFIG.credentials.invoker_role}</arg>
<msg timestamp="20220304 10:18:07.561" level="INFO">${access_token} = eyJ0eXAiOiJKV1QiLCJhbGciOiJIUzI1NiJ9.eyJmcmVzaCI6ZmFsc2UsImlhdCI6MTY0NjM4OTA4NywianRpIjoiMjMwOWJlNGUtMDQ3Yy00YjNlLWExZmYtYWRjMTFjNjVhM2RmIiwidHlwZSI6ImFjY2VzcyIsInN1YiI6InlvbmV0YXBwIGludm9rZXIiLCJuYmY...</msg>
<status status="PASS" starttime="20220304 10:18:07.544" endtime="20220304 10:18:07.565"/>
</kw>
<kw name="Onboard Netapp To Capif" library="netapp_to_capif">
<var>${resp}</var>
<arg>${CONFIG.credentials.capif_ip}</arg>
<arg>${CONFIG.credentials.capif_port}</arg>
<arg>${access_token}</arg>
<msg timestamp="20220304 10:18:07.625" level="FAIL">('{"title": "Forbidden", "status": 403, "detail": "Invoker already registered", "cause": "Identical invoker public key"}', 403)</msg>
<status status="FAIL" starttime="20220304 10:18:07.566" endtime="20220304 10:18:07.626"/>
</kw>
<status status="FAIL" starttime="20220304 10:18:07.544" endtime="20220304 10:18:07.626"/>
</kw>
<msg timestamp="20220304 10:18:07.626" level="INFO">${output} = ('{"title": "Forbidden", "status": 403, "detail": "Invoker already registered", "cause": "Identical invoker public key"}', 403)</msg>
<status status="PASS" starttime="20220304 10:18:07.544" endtime="20220304 10:18:07.626"/>
</kw>
<kw name="Should Contain" library="BuiltIn">
<arg>${output}</arg>
<arg>${forbidden}</arg>
<doc>Fails if ``container`` does not contain ``item`` one or more times.</doc>
<status status="PASS" starttime="20220304 10:18:07.627" endtime="20220304 10:18:07.627"/>
</kw>
<status status="PASS" starttime="20220304 10:18:07.543" endtime="20220304 10:18:07.627"/>
</kw>
<status status="PASS" starttime="20220304 10:18:07.543" endtime="20220304 10:18:07.627"/>
</kw>
<tag>Onboard_Netapp_to_Capif</tag>
<status status="PASS" starttime="20220304 10:18:07.543" endtime="20220304 10:18:07.627"/>
</test>
<doc>This test file contains the basic register requests from netApp to Capif API.</doc>
<status status="FAIL" starttime="20220304 10:18:07.225" endtime="20220304 10:18:07.628"/>
</suite>
<statistics>
<total>
<stat pass="3" fail="2" skip="0">All Tests</stat>
</total>
<tag>
<stat pass="1" fail="0" skip="0">Dummy_NetApp_Already_Registered_Test</stat>
<stat pass="0" fail="1" skip="0">Dummy_NetApp_Register_Test</stat>
<stat pass="1" fail="0" skip="0">Get_Capif_Token_Test</stat>
<stat pass="1" fail="1" skip="0">Onboard_Netapp_to_Capif</stat>
</tag>
<suite>
<stat pass="3" fail="2" skip="0" id="s1" name="Dummy-Tests">Dummy-Tests</stat>
</suite>
</statistics>
<errors>
<msg timestamp="20220304 10:18:07.373" level="ERROR">Error in file '/opt/robot-tests/tests/tests/capif_invoker_tests/dummy-tests.robot' on line 6: Importing library '/opt/robot-tests/pythonnetapp/invoker_details.json' failed: Not a valid file or directory to import.</msg>
</errors>
</robot>
